<?xml version="1.0" encoding="UTF-8"?>
<!-- Generated by org.testng.reporters.JUnitReportReporter -->
<testsuite skipped="0" hostname="EPINHYDW0313" name="com.epam.week3.rest_api_testing.RestAPIPutTest" tests="1" failures="0" timestamp="17 Dec 2018 11:39:38 GMT" time="2.439" errors="0">
  <testcase name="testPUT" time="2.439" classname="com.epam.week3.rest_api_testing.RestAPIPutTest"/>
</testsuite> <!-- com.epam.week3.rest_api_testing.RestAPIPutTest -->
