<?xml version="1.0" encoding="UTF-8"?>
<!-- Generated by org.testng.reporters.JUnitReportReporter -->
<testsuite skipped="0" hostname="EPINHYDW0313" name="com.epam.week1.page_object_model.TestNGAmazonTester" tests="5" failures="0" timestamp="05 Dec 2018 05:09:17 GMT" time="39.157" errors="0">
  <testcase name="amazonLogInTest" time="15.525" classname="com.epam.week1.page_object_model.TestNGAmazonTester"/>
  <testcase name="searchItemInHomePageTest" time="3.144" classname="com.epam.week1.page_object_model.TestNGAmazonTester"/>
  <testcase name="selectRandomItemsFromSearchList" time="9.376" classname="com.epam.week1.page_object_model.TestNGAmazonTester"/>
  <testcase name="navigateToTheCartPage" time="4.658" classname="com.epam.week1.page_object_model.TestNGAmazonTester"/>
  <testcase name="proccedToPayment" time="6.454" classname="com.epam.week1.page_object_model.TestNGAmazonTester"/>
</testsuite> <!-- com.epam.week1.page_object_model.TestNGAmazonTester -->
