<?xml version="1.0" encoding="UTF-8"?>
<!-- Generated by org.testng.reporters.JUnitReportReporter -->
<testsuite skipped="0" hostname="EPINHYDW0313" name="com.epam.week3.rest_assured_feedback_api_testing.FeedBackAPIPutRequestTest" tests="1" failures="0" timestamp="18 Dec 2018 12:36:55 GMT" time="0.004" errors="0">
  <testcase name="statusCodeTest" time="0.004" classname="com.epam.week3.rest_assured_feedback_api_testing.FeedBackAPIPutRequestTest"/>
</testsuite> <!-- com.epam.week3.rest_assured_feedback_api_testing.FeedBackAPIPutRequestTest -->
