<?xml version="1.0" encoding="UTF-8"?>
<!-- Generated by org.testng.reporters.JUnitReportReporter -->
<testsuite skipped="0" hostname="EPINHYDW0313" name="com.epam.week3.rest_api_testing.RestAPIGetTest" tests="7" failures="0" timestamp="12 Dec 2018 04:50:47 GMT" time="0.008" errors="0">
  <testcase name="windSpeedTest" time="0.000" classname="com.epam.week3.rest_api_testing.RestAPIGetTest"/>
  <testcase name="weatherDescriptionTest" time="0.001" classname="com.epam.week3.rest_api_testing.RestAPIGetTest"/>
  <testcase name="temperatureTest" time="0.000" classname="com.epam.week3.rest_api_testing.RestAPIGetTest"/>
  <testcase name="windDirectionDegreeTest" time="0.001" classname="com.epam.week3.rest_api_testing.RestAPIGetTest"/>
  <testcase name="statusCodeTest" time="0.000" classname="com.epam.week3.rest_api_testing.RestAPIGetTest"/>
  <testcase name="humidityTest" time="0.001" classname="com.epam.week3.rest_api_testing.RestAPIGetTest"/>
  <testcase name="cityNameTest" time="0.005" classname="com.epam.week3.rest_api_testing.RestAPIGetTest"/>
</testsuite> <!-- com.epam.week3.rest_api_testing.RestAPIGetTest -->
