<?xml version="1.0" encoding="UTF-8"?>
<!-- Generated by org.testng.reporters.JUnitReportReporter -->
<testsuite skipped="0" hostname="EPINHYDW0313" name="com.epam.week3.rest_assured_feedback_api_testing.FeedBackAPIPostRequestTest" tests="3" failures="0" timestamp="18 Dec 2018 12:41:33 GMT" time="0.026" errors="0">
  <testcase name="statusCodeTest" time="0.004" classname="com.epam.week3.rest_assured_feedback_api_testing.FeedBackAPIPostRequestTest"/>
  <testcase name="reponseBodyTest" time="0.001" classname="com.epam.week3.rest_assured_feedback_api_testing.FeedBackAPIPostRequestTest"/>
  <testcase name="postUserStatusCodeTest" time="0.021" classname="com.epam.week3.rest_assured_feedback_api_testing.FeedBackAPIPostRequestTest"/>
</testsuite> <!-- com.epam.week3.rest_assured_feedback_api_testing.FeedBackAPIPostRequestTest -->
