<?xml version="1.0" encoding="UTF-8"?>
<!-- Generated by org.testng.reporters.JUnitReportReporter -->
<testsuite skipped="0" hostname="EPINHYDW0313" name="com.epam.week3.rest_assured_feedback_api_testing.FeedBackAPITest" tests="2" failures="0" timestamp="18 Dec 2018 04:40:31 GMT" time="0.006" errors="0">
  <testcase name="responseBodyTest" time="0.001" classname="com.epam.week3.rest_assured_feedback_api_testing.FeedBackAPITest"/>
  <testcase name="statusCodeTest" time="0.005" classname="com.epam.week3.rest_assured_feedback_api_testing.FeedBackAPITest"/>
</testsuite> <!-- com.epam.week3.rest_assured_feedback_api_testing.FeedBackAPITest -->
