<?xml version="1.0" encoding="UTF-8"?>
<!-- Generated by org.testng.reporters.JUnitReportReporter -->
<testsuite skipped="0" hostname="EPINHYDW0313" name="com.epam.week3.rest_assured_feedback_api_testing.FeedBackAPIDeleteRequestTest" tests="4" failures="0" timestamp="18 Dec 2018 12:42:18 GMT" time="0.073" errors="0">
  <testcase name="userDeleteStatusCodeTest" time="0.051" classname="com.epam.week3.rest_assured_feedback_api_testing.FeedBackAPIDeleteRequestTest"/>
  <testcase name="bodyMessageTest" time="0.001" classname="com.epam.week3.rest_assured_feedback_api_testing.FeedBackAPIDeleteRequestTest"/>
  <testcase name="feedbackDeleteMethodStatusCodeTest" time="0.020" classname="com.epam.week3.rest_assured_feedback_api_testing.FeedBackAPIDeleteRequestTest"/>
  <testcase name="feedbackDeleteBodyMessageTest" time="0.001" classname="com.epam.week3.rest_assured_feedback_api_testing.FeedBackAPIDeleteRequestTest"/>
</testsuite> <!-- com.epam.week3.rest_assured_feedback_api_testing.FeedBackAPIDeleteRequestTest -->
