<?xml version="1.0" encoding="UTF-8"?>
<!-- Generated by org.testng.reporters.JUnitReportReporter -->
<testsuite skipped="0" hostname="BB7c971b01" name="com.epam.pageObjectModelWithPageFactoryPattren.TestNGAmazonTester" tests="5" failures="0" timestamp="18 Jul 2020 10:26:03 GMT" time="37.861" errors="0">
  <testcase name="navigateToTheCartPage" time="5.557" classname="com.epam.pageObjectModelWithPageFactoryPattren.TestNGAmazonTester"/>
  <testcase name="proccedToPayment" time="8.541" classname="com.epam.pageObjectModelWithPageFactoryPattren.TestNGAmazonTester"/>
  <testcase name="amazonLogInTest" time="13.234" classname="com.epam.pageObjectModelWithPageFactoryPattren.TestNGAmazonTester"/>
  <testcase name="searchItemInHomePageTest" time="3.158" classname="com.epam.pageObjectModelWithPageFactoryPattren.TestNGAmazonTester"/>
  <testcase name="selectRandomItemsFromSearchList" time="7.371" classname="com.epam.pageObjectModelWithPageFactoryPattren.TestNGAmazonTester"/>
</testsuite> <!-- com.epam.pageObjectModelWithPageFactoryPattren.TestNGAmazonTester -->
