<?xml version="1.0" encoding="UTF-8"?>
<!-- Generated by org.testng.reporters.JUnitReportReporter -->
<testsuite skipped="0" hostname="BB7c971b01" name="com.epam.week2.pom_with_page_factory_pattren.TestNGAmazonTester" tests="5" failures="0" timestamp="11 Jul 2020 11:31:55 GMT" time="45.349" errors="0">
  <testcase name="navigateToTheCartPage" time="5.547" classname="com.epam.week2.pom_with_page_factory_pattren.TestNGAmazonTester"/>
  <testcase name="proccedToPayment" time="8.340" classname="com.epam.week2.pom_with_page_factory_pattren.TestNGAmazonTester"/>
  <testcase name="amazonLogInTest" time="10.624" classname="com.epam.week2.pom_with_page_factory_pattren.TestNGAmazonTester"/>
  <testcase name="searchItemInHomePageTest" time="2.064" classname="com.epam.week2.pom_with_page_factory_pattren.TestNGAmazonTester"/>
  <testcase name="selectRandomItemsFromSearchList" time="18.774" classname="com.epam.week2.pom_with_page_factory_pattren.TestNGAmazonTester"/>
</testsuite> <!-- com.epam.week2.pom_with_page_factory_pattren.TestNGAmazonTester -->
